# JRE version: OpenJDK Runtime Environment (16.0.1+9) (build 16.0.1+9-24)
# Java VM: OpenJDK 64-Bit Server VM (16.0.1+9-24, mixed mode, tiered, compressed oops, compressed class ptrs, g1 gc, windows-amd64)
GC Precious Log:
 CPUs: 4 total, 4 available
 Memory: 12185M
 Large Page Support: Disabled
 NUMA Support: Disabled
 Compressed Oops: Enabled (Zero based)
 Heap Region Size: 2M
 Heap Min Capacity: 8M
 Heap Initial Capacity: 192M
 Heap Max Capacity: 3048M
 Pre-touch: Disabled
 Parallel Workers: 4
 Concurrent Workers: 1
 Concurrent Refinement Workers: 4
 Periodic GC: Disabled
Heap:
 garbage-first heap   total 196608K, used 14127K [0x0000000741800000, 0x0000000800000000)
  region size 2048K, 3 young (6144K), 3 survivors (6144K)
 Metaspace       used 29319K, committed 29632K, reserved 1081344K
  class space    used 3501K, committed 3648K, reserved 1048576K
GC Heap History (20 events):
Event: 3.779 GC heap after
{Heap after GC invocations=8 (full 0):
 garbage-first heap   total 49152K, used 10557K [0x0000000741800000, 0x0000000800000000)
  region size 2048K, 2 young (4096K), 2 survivors (4096K)
 Metaspace       used 26162K, committed 26432K, reserved 1073152K
  class space    used 3060K, committed 3200K, reserved 1048576K
}
Event: 3.801 GC heap before
{Heap before GC invocations=8 (full 0):
 garbage-first heap   total 49152K, used 28989K [0x0000000741800000, 0x0000000800000000)
  region size 2048K, 12 young (24576K), 2 survivors (4096K)
 Metaspace       used 26162K, committed 26432K, reserved 1073152K
  class space    used 3060K, committed 3200K, reserved 1048576K
}
Event: 3.804 GC heap after
{Heap after GC invocations=9 (full 0):
 garbage-first heap   total 49152K, used 10481K [0x0000000741800000, 0x0000000800000000)
  region size 2048K, 2 young (4096K), 2 survivors (4096K)
 Metaspace       used 26162K, committed 26432K, reserved 1073152K
  class space    used 3060K, committed 3200K, reserved 1048576K
}
Event: 3.823 GC heap before
{Heap before GC invocations=9 (full 0):
 garbage-first heap   total 49152K, used 30961K [0x0000000741800000, 0x0000000800000000)
  region size 2048K, 13 young (26624K), 2 survivors (4096K)
 Metaspace       used 26162K, committed 26432K, reserved 1073152K
  class space    used 3060K, committed 3200K, reserved 1048576K
}
Event: 3.825 GC heap after
{Heap after GC invocations=10 (full 0):
 garbage-first heap   total 79872K, used 10462K [0x0000000741800000, 0x0000000800000000)
  region size 2048K, 2 young (4096K), 2 survivors (4096K)
 Metaspace       used 26162K, committed 26432K, reserved 1073152K
  class space    used 3060K, committed 3200K, reserved 1048576K
}
Event: 3.881 GC heap before
{Heap before GC invocations=10 (full 0):
 garbage-first heap   total 79872K, used 53470K [0x0000000741800000, 0x0000000800000000)
  region size 2048K, 23 young (47104K), 2 survivors (4096K)
 Metaspace       used 26163K, committed 26432K, reserved 1073152K
  class space    used 3061K, committed 3200K, reserved 1048576K
}
Event: 3.885 GC heap after
{Heap after GC invocations=11 (full 0):
 garbage-first heap   total 79872K, used 10458K [0x0000000741800000, 0x0000000800000000)
  region size 2048K, 2 young (4096K), 2 survivors (4096K)
 Metaspace       used 26163K, committed 26432K, reserved 1073152K
  class space    used 3061K, committed 3200K, reserved 1048576K
}
Event: 3.921 GC heap before
{Heap before GC invocations=11 (full 0):
 garbage-first heap   total 79872K, used 53466K [0x0000000741800000, 0x0000000800000000)
  region size 2048K, 23 young (47104K), 2 survivors (4096K)
 Metaspace       used 26172K, committed 26432K, reserved 1073152K
  class space    used 3062K, committed 3200K, reserved 1048576K
}
Event: 3.924 GC heap after
{Heap after GC invocations=12 (full 0):
 garbage-first heap   total 79872K, used 10558K [0x0000000741800000, 0x0000000800000000)
  region size 2048K, 2 young (4096K), 2 survivors (4096K)
 Metaspace       used 26172K, committed 26432K, reserved 1073152K
  class space    used 3062K, committed 3200K, reserved 1048576K
}
Event: 3.957 GC heap before
{Heap before GC invocations=12 (full 0):
 garbage-first heap   total 79872K, used 53566K [0x0000000741800000, 0x0000000800000000)
  region size 2048K, 23 young (47104K), 2 survivors (4096K)
 Metaspace       used 26172K, committed 26432K, reserved 1073152K
  class space    used 3062K, committed 3200K, reserved 1048576K
}
Event: 3.959 GC heap after
{Heap after GC invocations=13 (full 0):
 garbage-first heap   total 79872K, used 10562K [0x0000000741800000, 0x0000000800000000)
  region size 2048K, 2 young (4096K), 2 survivors (4096K)
 Metaspace       used 26172K, committed 26432K, reserved 1073152K
  class space    used 3062K, committed 3200K, reserved 1048576K
}
Event: 3.991 GC heap before
{Heap before GC invocations=13 (full 0):
 garbage-first heap   total 79872K, used 53570K [0x0000000741800000, 0x0000000800000000)
  region size 2048K, 23 young (47104K), 2 survivors (4096K)
 Metaspace       used 26172K, committed 26432K, reserved 1073152K
  class space    used 3062K, committed 3200K, reserved 1048576K
}
Event: 3.994 GC heap after
{Heap after GC invocations=14 (full 0):
 garbage-first heap   total 157696K, used 10670K [0x0000000741800000, 0x0000000800000000)
  region size 2048K, 2 young (4096K), 2 survivors (4096K)
 Metaspace       used 26172K, committed 26432K, reserved 1073152K
  class space    used 3062K, committed 3200K, reserved 1048576K
}
Event: 4.107 GC heap before
{Heap before GC invocations=14 (full 0):
 garbage-first heap   total 157696K, used 100782K [0x0000000741800000, 0x0000000800000000)
  region size 2048K, 46 young (94208K), 2 survivors (4096K)
 Metaspace       used 26176K, committed 26432K, reserved 1073152K
  class space    used 3064K, committed 3200K, reserved 1048576K
}
Event: 4.110 GC heap after
{Heap after GC invocations=15 (full 0):
 garbage-first heap   total 157696K, used 10775K [0x0000000741800000, 0x0000000800000000)
  region size 2048K, 2 young (4096K), 2 survivors (4096K)
 Metaspace       used 26176K, committed 26432K, reserved 1073152K
  class space    used 3064K, committed 3200K, reserved 1048576K
}
Event: 4.187 GC heap before
{Heap before GC invocations=15 (full 0):
 garbage-first heap   total 157696K, used 100887K [0x0000000741800000, 0x0000000800000000)
  region size 2048K, 46 young (94208K), 2 survivors (4096K)
 Metaspace       used 26176K, committed 26432K, reserved 1073152K
  class space    used 3064K, committed 3200K, reserved 1048576K
}
Event: 4.190 GC heap after
{Heap after GC invocations=16 (full 0):
 garbage-first heap   total 157696K, used 10784K [0x0000000741800000, 0x0000000800000000)
  region size 2048K, 2 young (4096K), 2 survivors (4096K)
 Metaspace       used 26176K, committed 26432K, reserved 1073152K
  class space    used 3064K, committed 3200K, reserved 1048576K
}
Event: 4.510 GC heap before
{Heap before GC invocations=16 (full 0):
 garbage-first heap   total 157696K, used 100896K [0x0000000741800000, 0x0000000800000000)
  region size 2048K, 46 young (94208K), 2 survivors (4096K)
 Metaspace       used 26176K, committed 26432K, reserved 1073152K
  class space    used 3064K, committed 3200K, reserved 1048576K
}
Event: 4.514 GC heap after
{Heap after GC invocations=17 (full 0):
 garbage-first heap   total 157696K, used 11355K [0x0000000741800000, 0x0000000800000000)
  region size 2048K, 2 young (4096K), 2 survivors (4096K)
 Metaspace       used 26176K, committed 26432K, reserved 1073152K
  class space    used 3064K, committed 3200K, reserved 1048576K
}
Event: 5.824 GC heap before
{Heap before GC invocations=17 (full 0):
 garbage-first heap   total 157696K, used 99419K [0x0000000741800000, 0x0000000800000000)
  region size 2048K, 46 young (94208K), 2 survivors (4096K)
 Metaspace       used 29319K, committed 29632K, reserved 1081344K
  class space    used 3501K, committed 3648K, reserved 1048576K
}

